Watching for file changes with StatReloader
[02/May/2026 03:58:55] "GET /login/ HTTP/1.1" 200 2130
[02/May/2026 03:59:57] "GET /login/ HTTP/1.1" 200 2130
Not Found: /login//
[02/May/2026 04:01:27] "GET /login// HTTP/1.1" 404 14131
Not Found: /favicon.ico
[02/May/2026 04:01:27] "GET /favicon.ico HTTP/1.1" 404 14143
[02/May/2026 04:01:30] "GET /login/ HTTP/1.1" 200 2130
[02/May/2026 04:01:30] "GET /static/js/app.js HTTP/1.1" 200 1862
[02/May/2026 04:01:30] "GET /static/css/style.css HTTP/1.1" 200 22455
[02/May/2026 04:02:17] "POST /login/ HTTP/1.1" 302 0
[02/May/2026 04:02:17] "GET / HTTP/1.1" 200 9556
[02/May/2026 04:02:17] "GET /static/css/style.css HTTP/1.1" 304 0
[02/May/2026 04:02:20] "GET /sales/pos/ HTTP/1.1" 200 7727
[02/May/2026 04:02:22] "GET /sales/ HTTP/1.1" 200 3524
[02/May/2026 04:02:23] "GET /products/ HTTP/1.1" 200 4517
[02/May/2026 04:02:24] "GET /inventory/ HTTP/1.1" 200 12494
[02/May/2026 04:02:28] "GET /inventory/ HTTP/1.1" 200 12494
C:\Users\Ryzen\Desktop\backdoor ni kyle\bakery\views.py changed, reloading.
Watching for file changes with StatReloader
[02/May/2026 04:07:19] "GET /inventory/ HTTP/1.1" 302 0
[02/May/2026 04:07:19] "GET /login/?next=/inventory/ HTTP/1.1" 200 2223
C:\Users\Ryzen\Desktop\backdoor ni kyle\bakery\views.py changed, reloading.
Watching for file changes with StatReloader
[02/May/2026 04:08:23] "GET /login/ HTTP/1.1" 200 2223
[02/May/2026 04:09:31] "GET /login/ HTTP/1.1" 200 3613
[02/May/2026 04:09:31] "GET /static/css/style.css HTTP/1.1" 200 16431
[02/May/2026 04:09:35] "GET / HTTP/1.1" 200 5580
[02/May/2026 04:09:37] "GET /sales/ HTTP/1.1" 200 4226
[02/May/2026 04:09:39] "GET /sales/ HTTP/1.1" 200 4226
[02/May/2026 04:09:39] "GET /static/css/style.css HTTP/1.1" 304 0
[02/May/2026 04:09:40] "GET /sales/ HTTP/1.1" 200 4226
[02/May/2026 04:09:40] "GET /sales/ HTTP/1.1" 200 4226
[02/May/2026 04:09:40] "GET /sales/ HTTP/1.1" 200 4226
[02/May/2026 04:09:42] "GET / HTTP/1.1" 200 5580
[02/May/2026 04:10:01] "GET /inventory/logs/ HTTP/1.1" 200 4011
[02/May/2026 04:10:01] "GET /static/css/style.css HTTP/1.1" 304 0
[02/May/2026 04:10:02] "GET /reports/ HTTP/1.1" 200 5277
[02/May/2026 04:10:03] "GET /orders/ HTTP/1.1" 200 4701
[02/May/2026 04:10:03] "GET /ingredients/ HTTP/1.1" 200 10843
[02/May/2026 04:10:04] "GET /orders/ HTTP/1.1" 200 4701
[02/May/2026 04:10:06] "GET /ingredients/ HTTP/1.1" 200 10843
[02/May/2026 04:10:07] "GET /inventory/ HTTP/1.1" 200 18572
[02/May/2026 04:10:08] "GET /products/ HTTP/1.1" 200 5125
[02/May/2026 04:10:09] "GET /sales/ HTTP/1.1" 200 4132
[02/May/2026 04:10:10] "GET /sales/pos/ HTTP/1.1" 200 8335
[02/May/2026 04:10:10] "GET / HTTP/1.1" 200 5486
C:\Users\Ryzen\Desktop\backdoor ni kyle\bakery\context_processors.py changed, reloading.
Watching for file changes with StatReloader
[02/May/2026 04:14:56] "GET / HTTP/1.1" 200 5293
[02/May/2026 04:14:56] "GET /static/css/style.css HTTP/1.1" 200 17190
[02/May/2026 04:15:01] "GET /login/ HTTP/1.1" 200 3326
[02/May/2026 04:15:04] "GET / HTTP/1.1" 200 5293
[02/May/2026 04:15:04] "GET /static/css/style.css HTTP/1.1" 304 0
[02/May/2026 04:15:05] "GET /sales/pos/ HTTP/1.1" 200 8142
[02/May/2026 04:15:06] "GET /sales/ HTTP/1.1" 200 3939
[02/May/2026 04:15:06] "GET /inventory/ HTTP/1.1" 200 6928
[02/May/2026 04:15:07] "GET /products/ HTTP/1.1" 200 4663
[02/May/2026 04:15:21] "GET /ingredients/ HTTP/1.1" 200 4874
[02/May/2026 04:15:21] "GET /static/css/style.css HTTP/1.1" 304 0
[02/May/2026 04:15:22] "GET /orders/ HTTP/1.1" 200 3953
[02/May/2026 04:15:23] "GET /reports/ HTTP/1.1" 200 5084
[02/May/2026 04:15:24] "GET /inventory/ HTTP/1.1" 200 6928
[02/May/2026 04:15:25] "GET /sales/ HTTP/1.1" 200 3939
[02/May/2026 04:15:26] "GET /sales/pos/ HTTP/1.1" 200 8142
[02/May/2026 04:15:27] "GET / HTTP/1.1" 200 5293
